<?xml version="1.0" encoding="UTF-8"?>
<!-- Generated by org.testng.reporters.JUnitXMLReporter -->
<testsuite hostname="WorkPC" ignored="1" name="Default test" tests="13" failures="0" timestamp="07 Jan 2023 17:19:47 GMT" time="0.108" errors="0">
  <testcase name="tc05" time="0.016" classname="org.testngsample.TestNgProgram1"/>
  <testcase name="tc03" time="0.0" classname="org.testngsample.TestNgProgram1"/>
  <testcase name="tc03" time="0.008" classname="org.testngsample.TestNgProgram1"/>
  <testcase name="tc03" time="0.0" classname="org.testngsample.TestNgProgram1"/>
  <testcase name="tc03" time="0.0" classname="org.testngsample.TestNgProgram1"/>
  <testcase name="tc03" time="0.0" classname="org.testngsample.TestNgProgram1"/>
  <testcase name="tc03" time="0.0" classname="org.testngsample.TestNgProgram1"/>
  <testcase name="tc03" time="0.008" classname="org.testngsample.TestNgProgram1"/>
  <testcase name="tc03" time="0.0" classname="org.testngsample.TestNgProgram1"/>
  <testcase name="tc03" time="0.0" classname="org.testngsample.TestNgProgram1"/>
  <testcase name="tc03" time="0.0" classname="org.testngsample.TestNgProgram1"/>
  <testcase name="tc02" time="0.0" classname="org.testngsample.TestNgProgram1"/>
  <testcase name="tc01" time="0.0" classname="org.testngsample.TestNgProgram1"/>
  <testcase name="tc04" time="0.0" classname="org.testngsample.TestNgProgram1">
    <ignored/>
  </testcase> <!-- tc04 -->
</testsuite> <!-- Default test -->
