<?xml version="1.0" encoding="UTF-8"?>
<!-- Generated by org.testng.reporters.JUnitXMLReporter -->
<testsuite hostname="WorkPC" ignored="0" name="Test" tests="3" failures="0" timestamp="01 Dec 2022 14:43:55 GMT" time="39.903" errors="0">
  <testcase name="tc06" time="14.792" classname="org.dataproviders.TestSuite1"/>
  <testcase name="tc06" time="12.84" classname="org.dataproviders.TestSuite1"/>
  <testcase name="tc06" time="12.242" classname="org.dataproviders.TestSuite1"/>
</testsuite> <!-- Test -->
