<?xml version="1.0" encoding="UTF-8"?>
<!-- Generated by org.testng.reporters.JUnitXMLReporter -->
<testsuite hostname="WorkPC" ignored="9" name="Test(failed)" tests="1" failures="1" timestamp="29 Nov 2022 14:30:28 GMT" time="0.031" errors="0">
  <testcase name="tc8" time="0.016" classname="org.testngsample.GroupsTestingSample1">
    <failure type="java.lang.AssertionError">
      <![CDATA[java.lang.AssertionError
	at org.junit.Assert.fail(Assert.java:87)
	at org.junit.Assert.assertTrue(Assert.java:42)
	at org.junit.Assert.assertTrue(Assert.java:53)
... Removed 26 stack frames]]>
    </failure>
  </testcase> <!-- tc8 -->
  <testcase name="tc1" time="0.0" classname="org.testngsample.GroupsTestingSample1">
    <ignored/>
  </testcase> <!-- tc1 -->
  <testcase name="tc2" time="0.0" classname="org.testngsample.GroupsTestingSample1">
    <ignored/>
  </testcase> <!-- tc2 -->
  <testcase name="tc5" time="0.0" classname="org.testngsample.GroupsTestingSample1">
    <ignored/>
  </testcase> <!-- tc5 -->
  <testcase name="tc6" time="0.0" classname="org.testngsample.GroupsTestingSample1">
    <ignored/>
  </testcase> <!-- tc6 -->
  <testcase name="tc3" time="0.0" classname="org.testngsample.GroupsTestingSample1">
    <ignored/>
  </testcase> <!-- tc3 -->
  <testcase name="tc4" time="0.0" classname="org.testngsample.GroupsTestingSample1">
    <ignored/>
  </testcase> <!-- tc4 -->
  <testcase name="tc9" time="0.0" classname="org.testngsample.GroupsTestingSample1">
    <ignored/>
  </testcase> <!-- tc9 -->
  <testcase name="tc10" time="0.0" classname="org.testngsample.GroupsTestingSample1">
    <ignored/>
  </testcase> <!-- tc10 -->
  <testcase name="tc7" time="0.0" classname="org.testngsample.GroupsTestingSample1">
    <ignored/>
  </testcase> <!-- tc7 -->
</testsuite> <!-- Test(failed) -->
