<?xml version="1.0" encoding="UTF-8"?>
<testng-results skipped="0" failed="0" ignored="1" total="14" passed="13">
  <reporter-output>
  </reporter-output>
  <suite name="Default suite" duration-ms="108" started-at="2023-01-07T17:19:47Z" finished-at="2023-01-07T17:19:47Z">
    <groups>
    </groups>
    <test name="Default test" duration-ms="108" started-at="2023-01-07T17:19:47Z" finished-at="2023-01-07T17:19:47Z">
      <class name="org.testngsample.TestNgProgram1">
        <test-method status="PASS" signature="tc05()[pri:-10, instance:org.testngsample.TestNgProgram1@2d928643]" name="tc05" duration-ms="16" started-at="2023-01-07T22:49:47Z" finished-at="2023-01-07T22:49:47Z">
          <reporter-output>
          </reporter-output>
        </test-method> <!-- tc05 -->
        <test-method status="PASS" signature="tc03()[pri:-5, instance:org.testngsample.TestNgProgram1@2d928643]" name="tc03" duration-ms="8" started-at="2023-01-07T22:49:47Z" finished-at="2023-01-07T22:49:47Z">
          <reporter-output>
          </reporter-output>
        </test-method> <!-- tc03 -->
        <test-method status="PASS" signature="tc03()[pri:-5, instance:org.testngsample.TestNgProgram1@2d928643]" name="tc03" duration-ms="0" started-at="2023-01-07T22:49:47Z" finished-at="2023-01-07T22:49:47Z">
          <reporter-output>
          </reporter-output>
        </test-method> <!-- tc03 -->
        <test-method status="PASS" signature="tc03()[pri:-5, instance:org.testngsample.TestNgProgram1@2d928643]" name="tc03" duration-ms="0" started-at="2023-01-07T22:49:47Z" finished-at="2023-01-07T22:49:47Z">
          <reporter-output>
          </reporter-output>
        </test-method> <!-- tc03 -->
        <test-method status="PASS" signature="tc03()[pri:-5, instance:org.testngsample.TestNgProgram1@2d928643]" name="tc03" duration-ms="0" started-at="2023-01-07T22:49:47Z" finished-at="2023-01-07T22:49:47Z">
          <reporter-output>
          </reporter-output>
        </test-method> <!-- tc03 -->
        <test-method status="PASS" signature="tc03()[pri:-5, instance:org.testngsample.TestNgProgram1@2d928643]" name="tc03" duration-ms="0" started-at="2023-01-07T22:49:47Z" finished-at="2023-01-07T22:49:47Z">
          <reporter-output>
          </reporter-output>
        </test-method> <!-- tc03 -->
        <test-method status="PASS" signature="tc03()[pri:-5, instance:org.testngsample.TestNgProgram1@2d928643]" name="tc03" duration-ms="0" started-at="2023-01-07T22:49:47Z" finished-at="2023-01-07T22:49:47Z">
          <reporter-output>
          </reporter-output>
        </test-method> <!-- tc03 -->
        <test-method status="PASS" signature="tc03()[pri:-5, instance:org.testngsample.TestNgProgram1@2d928643]" name="tc03" duration-ms="8" started-at="2023-01-07T22:49:47Z" finished-at="2023-01-07T22:49:47Z">
          <reporter-output>
          </reporter-output>
        </test-method> <!-- tc03 -->
        <test-method status="PASS" signature="tc03()[pri:-5, instance:org.testngsample.TestNgProgram1@2d928643]" name="tc03" duration-ms="0" started-at="2023-01-07T22:49:47Z" finished-at="2023-01-07T22:49:47Z">
          <reporter-output>
          </reporter-output>
        </test-method> <!-- tc03 -->
        <test-method status="PASS" signature="tc03()[pri:-5, instance:org.testngsample.TestNgProgram1@2d928643]" name="tc03" duration-ms="0" started-at="2023-01-07T22:49:47Z" finished-at="2023-01-07T22:49:47Z">
          <reporter-output>
          </reporter-output>
        </test-method> <!-- tc03 -->
        <test-method status="PASS" signature="tc03()[pri:-5, instance:org.testngsample.TestNgProgram1@2d928643]" name="tc03" duration-ms="0" started-at="2023-01-07T22:49:47Z" finished-at="2023-01-07T22:49:47Z">
          <reporter-output>
          </reporter-output>
        </test-method> <!-- tc03 -->
        <test-method status="PASS" signature="tc01()[pri:4, instance:org.testngsample.TestNgProgram1@2d928643]" name="tc01" duration-ms="0" started-at="2023-01-07T22:49:47Z" finished-at="2023-01-07T22:49:47Z">
          <reporter-output>
          </reporter-output>
        </test-method> <!-- tc01 -->
        <test-method status="PASS" signature="tc02()[pri:1, instance:org.testngsample.TestNgProgram1@2d928643]" name="tc02" duration-ms="0" started-at="2023-01-07T22:49:47Z" finished-at="2023-01-07T22:49:47Z">
          <reporter-output>
          </reporter-output>
        </test-method> <!-- tc02 -->
      </class> <!-- org.testngsample.TestNgProgram1 -->
    </test> <!-- Default test -->
  </suite> <!-- Default suite -->
</testng-results>
